[ 10140.741] (WW) Failed to open protocol names file lib/xorg/protocol.txt
[ 10140.741] 
X.Org X Server 1.20.4
X Protocol Version 11, Revision 0
[ 10140.741] Build Operating System: Linux Arch Linux
[ 10140.741] Current Operating System: Linux archlinux 5.0.9-arch1-1-ARCH #1 SMP PREEMPT Sat Apr 20 15:00:46 UTC 2019 x86_64
[ 10140.741] Kernel command line: BOOT_IMAGE=/vmlinuz-linux root=UUID=2e95ec02-0853-4cbb-96bd-7c50323a3588 rw quiet
[ 10140.742] Build Date: 27 February 2019  04:04:00PM
[ 10140.742]  
[ 10140.742] Current version of pixman: 0.38.4
[ 10140.742] 	Before reporting problems, check http://wiki.x.org
	to make sure that you have the latest version.
[ 10140.742] Markers: (--) probed, (**) from config file, (==) default setting,
	(++) from command line, (!!) notice, (II) informational,
	(WW) warning, (EE) error, (NI) not implemented, (??) unknown.
[ 10140.742] (==) Log file: "/home/stefan/.local/share/xorg/Xorg.1.log", Time: Sat Apr 27 22:19:57 2019
[ 10140.743] (==) Using config directory: "/etc/X11/xorg.conf.d"
[ 10140.743] (==) Using system config directory "/usr/share/X11/xorg.conf.d"
[ 10140.743] (==) No Layout section.  Using the first Screen section.
[ 10140.743] (==) No screen section available. Using defaults.
[ 10140.743] (**) |-->Screen "Default Screen Section" (0)
[ 10140.743] (**) |   |-->Monitor "<default monitor>"
[ 10140.743] (==) No device specified for screen "Default Screen Section".
	Using the first device section listed.
[ 10140.743] (**) |   |-->Device "Intel Graphics"
[ 10140.743] (==) No monitor specified for screen "Default Screen Section".
	Using a default monitor configuration.
[ 10140.743] (==) Automatically adding devices
[ 10140.743] (==) Automatically enabling devices
[ 10140.743] (==) Automatically adding GPU devices
[ 10140.743] (==) Automatically binding GPU devices
[ 10140.743] (==) Max clients allowed: 256, resource mask: 0x1fffff
[ 10140.743] (WW) The directory "/usr/share/fonts/OTF" does not exist.
[ 10140.743] 	Entry deleted from font path.
[ 10140.743] (WW) The directory "/usr/share/fonts/Type1" does not exist.
[ 10140.743] 	Entry deleted from font path.
[ 10140.743] (WW) The directory "/usr/share/fonts/100dpi" does not exist.
[ 10140.743] 	Entry deleted from font path.
[ 10140.743] (WW) The directory "/usr/share/fonts/75dpi" does not exist.
[ 10140.743] 	Entry deleted from font path.
[ 10140.743] (==) FontPath set to:
	/usr/share/fonts/misc,
	/usr/share/fonts/TTF
[ 10140.743] (==) ModulePath set to "/usr/lib/xorg/modules"
[ 10140.743] (II) The server relies on udev to provide the list of input devices.
	If no devices become available, reconfigure udev or disable AutoAddDevices.
[ 10140.743] (II) Module ABI versions:
[ 10140.743] 	X.Org ANSI C Emulation: 0.4
[ 10140.743] 	X.Org Video Driver: 24.0
[ 10140.743] 	X.Org XInput driver : 24.1
[ 10140.743] 	X.Org Server Extension : 10.0
[ 10140.744] (++) using VT number 2

[ 10140.746] (II) systemd-logind: took control of session /org/freedesktop/login1/session/_33
[ 10140.747] (II) xfree86: Adding drm device (/dev/dri/card0)
[ 10140.747] (II) systemd-logind: got fd for /dev/dri/card0 226:0 fd 10 paused 0
[ 10140.749] (--) PCI:*(0@0:2:0) 8086:1916:17aa:2233 rev 7, Mem @ 0xe0000000/16777216, 0xc0000000/536870912, I/O @ 0x0000e000/64, BIOS @ 0x????????/131072
[ 10140.749] (WW) Open ACPI failed (/var/run/acpid.socket) (No such file or directory)
[ 10140.749] (II) LoadModule: "glx"
[ 10140.749] (II) Loading /usr/lib/xorg/modules/extensions/libglx.so
[ 10140.751] (II) Module glx: vendor="X.Org Foundation"
[ 10140.751] 	compiled for 1.20.4, module version = 1.0.0
[ 10140.751] 	ABI class: X.Org Server Extension, version 10.0
[ 10140.751] (II) LoadModule: "intel"
[ 10140.751] (II) Loading /usr/lib/xorg/modules/drivers/intel_drv.so
[ 10140.751] (II) Module intel: vendor="X.Org Foundation"
[ 10140.751] 	compiled for 1.20.4, module version = 2.99.917
[ 10140.751] 	Module class: X.Org Video Driver
[ 10140.751] 	ABI class: X.Org Video Driver, version 24.0
[ 10140.751] (II) intel: Driver for Intel(R) Integrated Graphics Chipsets:
	i810, i810-dc100, i810e, i815, i830M, 845G, 854, 852GM/855GM, 865G,
	915G, E7221 (i915), 915GM, 945G, 945GM, 945GME, Pineview GM,
	Pineview G, 965G, G35, 965Q, 946GZ, 965GM, 965GME/GLE, G33, Q35, Q33,
	GM45, 4 Series, G45/G43, Q45/Q43, G41, B43
[ 10140.752] (II) intel: Driver for Intel(R) HD Graphics
[ 10140.752] (II) intel: Driver for Intel(R) Iris(TM) Graphics
[ 10140.752] (II) intel: Driver for Intel(R) Iris(TM) Pro Graphics
[ 10140.752] xf86EnableIOPorts: failed to set IOPL for I/O (Operation not permitted)
[ 10140.752] (II) intel(0): Using Kernel Mode Setting driver: i915, version 1.6.0 20181204
[ 10140.752] (II) intel(0): SNA compiled from 2.99.917-863-g6afed33b
[ 10140.769] (WW) VGA arbiter: cannot open kernel arbiter, no multi-card support
[ 10140.769] (--) intel(0): Integrated Graphics Chipset: Intel(R) HD Graphics 520
[ 10140.769] (--) intel(0): CPU: x86-64, sse2, sse3, ssse3, sse4.1, sse4.2, avx, avx2; using a maximum of 2 threads
[ 10140.769] (II) intel(0): Creating default Display subsection in Screen section
	"Default Screen Section" for depth/fbbpp 24/32
[ 10140.769] (==) intel(0): Depth 24, (--) framebuffer bpp 32
[ 10140.769] (==) intel(0): RGB weight 888
[ 10140.769] (==) intel(0): Default visual is TrueColor
[ 10140.769] (**) intel(0): Option "TearFree" "true"
[ 10140.770] (II) intel(0): Output eDP1 has no monitor section
[ 10140.770] (**) intel(0): Found backlight control interface intel_backlight (type 'raw') for output eDP1
[ 10140.770] (II) intel(0): Enabled output eDP1
[ 10140.770] (II) intel(0): Output DP1 has no monitor section
[ 10140.770] (II) intel(0): Enabled output DP1
[ 10140.770] (II) intel(0): Output HDMI1 has no monitor section
[ 10140.770] (II) intel(0): Enabled output HDMI1
[ 10140.770] (II) intel(0): Output DP2 has no monitor section
[ 10140.771] (II) intel(0): Enabled output DP2
[ 10140.771] (II) intel(0): Output HDMI2 has no monitor section
[ 10140.771] (II) intel(0): Enabled output HDMI2
[ 10140.771] (--) intel(0): Using a maximum size of 256x256 for hardware cursors
[ 10140.771] (II) intel(0): Output VIRTUAL1 has no monitor section
[ 10140.771] (II) intel(0): Enabled output VIRTUAL1
[ 10140.771] (--) intel(0): Output eDP1 using initial mode 2560x1440 on pipe 0
[ 10140.771] (**) intel(0): TearFree enabled
[ 10140.771] (==) intel(0): Using gamma correction (1.0, 1.0, 1.0)
[ 10140.771] (==) intel(0): DPI set to (96, 96)
[ 10140.771] (II) Loading sub module "dri3"
[ 10140.771] (II) LoadModule: "dri3"
[ 10140.771] (II) Module "dri3" already built-in
[ 10140.771] (II) Loading sub module "dri2"
[ 10140.771] (II) LoadModule: "dri2"
[ 10140.771] (II) Module "dri2" already built-in
[ 10140.771] (II) Loading sub module "present"
[ 10140.771] (II) LoadModule: "present"
[ 10140.771] (II) Module "present" already built-in
[ 10140.771] (II) intel(0): SNA initialized with Skylake (gen9) backend
[ 10140.771] (==) intel(0): Backing store enabled
[ 10140.771] (==) intel(0): Silken mouse disabled
[ 10140.771] (II) intel(0): HW Cursor enabled
[ 10140.771] (==) intel(0): DPMS enabled
[ 10140.771] (==) intel(0): Display hotplug detection enabled
[ 10140.771] (II) intel(0): [DRI2] Setup complete
[ 10140.771] (II) intel(0): [DRI2]   DRI driver: i965
[ 10140.771] (II) intel(0): [DRI2]   VDPAU driver: va_gl
[ 10140.771] (II) intel(0): direct rendering: DRI2 DRI3 enabled
[ 10140.771] (II) intel(0): hardware support for Present enabled
[ 10140.771] (II) Initializing extension Generic Event Extension
[ 10140.771] (II) Initializing extension SHAPE
[ 10140.771] (II) Initializing extension MIT-SHM
[ 10140.771] (II) Initializing extension XInputExtension
[ 10140.771] (II) Initializing extension XTEST
[ 10140.771] (II) Initializing extension BIG-REQUESTS
[ 10140.771] (II) Initializing extension SYNC
[ 10140.772] (II) Initializing extension XKEYBOARD
[ 10140.772] (II) Initializing extension XC-MISC
[ 10140.772] (II) Initializing extension SECURITY
[ 10140.772] (II) Initializing extension XFIXES
[ 10140.772] (II) Initializing extension RENDER
[ 10140.772] (II) Initializing extension RANDR
[ 10140.772] (II) Initializing extension COMPOSITE
[ 10140.772] (II) Initializing extension DAMAGE
[ 10140.772] (II) Initializing extension MIT-SCREEN-SAVER
[ 10140.772] (II) Initializing extension DOUBLE-BUFFER
[ 10140.772] (II) Initializing extension RECORD
[ 10140.772] (II) Initializing extension DPMS
[ 10140.772] (II) Initializing extension Present
[ 10140.772] (II) Initializing extension DRI3
[ 10140.772] (II) Initializing extension X-Resource
[ 10140.772] (II) Initializing extension XVideo
[ 10140.772] (II) Initializing extension XVideo-MotionCompensation
[ 10140.772] (II) Initializing extension GLX
[ 10140.780] (II) AIGLX: Loaded and initialized i965
[ 10140.780] (II) GLX: Initialized DRI2 GL provider for screen 0
[ 10140.780] (II) Initializing extension XFree86-VidModeExtension
[ 10140.780] (II) Initializing extension XFree86-DGA
[ 10140.780] (II) Initializing extension XFree86-DRI
[ 10140.780] (II) Initializing extension DRI2
[ 10140.784] (II) intel(0): switch to mode 2560x1440@60.0 on eDP1 using pipe 0, position (0, 0), rotation normal, reflection none
[ 10140.798] (II) intel(0): Setting screen physical size to 677 x 381
[ 10140.830] (II) config/udev: Adding input device Power Button (/dev/input/event2)
[ 10140.830] (**) Power Button: Applying InputClass "libinput keyboard catchall"
[ 10140.830] (II) LoadModule: "libinput"
[ 10140.830] (II) Loading /usr/lib/xorg/modules/input/libinput_drv.so
[ 10140.831] (II) Module libinput: vendor="X.Org Foundation"
[ 10140.831] 	compiled for 1.20.3, module version = 0.28.2
[ 10140.831] 	Module class: X.Org XInput Driver
[ 10140.831] 	ABI class: X.Org XInput driver, version 24.1
[ 10140.831] (II) Using input driver 'libinput' for 'Power Button'
[ 10140.832] (II) systemd-logind: got fd for /dev/input/event2 13:66 fd 15 paused 0
[ 10140.832] (**) Power Button: always reports core events
[ 10140.832] (**) Option "Device" "/dev/input/event2"
[ 10140.832] (**) Option "_source" "server/udev"
[ 10140.834] (II) event2  - Power Button: is tagged by udev as: Keyboard
[ 10140.834] (II) event2  - Power Button: device is a keyboard
[ 10140.834] (II) event2  - Power Button: device removed
[ 10140.834] (**) Option "config_info" "udev:/sys/devices/LNXSYSTM:00/LNXPWRBN:00/input/input2/event2"
[ 10140.834] (II) XINPUT: Adding extended input device "Power Button" (type: KEYBOARD, id 6)
[ 10140.834] (II) event2  - Power Button: is tagged by udev as: Keyboard
[ 10140.834] (II) event2  - Power Button: device is a keyboard
[ 10140.835] (II) config/udev: Adding input device Video Bus (/dev/input/event6)
[ 10140.835] (**) Video Bus: Applying InputClass "libinput keyboard catchall"
[ 10140.835] (II) Using input driver 'libinput' for 'Video Bus'
[ 10140.836] (II) systemd-logind: got fd for /dev/input/event6 13:70 fd 18 paused 0
[ 10140.836] (**) Video Bus: always reports core events
[ 10140.836] (**) Option "Device" "/dev/input/event6"
[ 10140.836] (**) Option "_source" "server/udev"
[ 10140.836] (II) event6  - Video Bus: is tagged by udev as: Keyboard
[ 10140.836] (II) event6  - Video Bus: device is a keyboard
[ 10140.836] (II) event6  - Video Bus: device removed
[ 10140.836] (**) Option "config_info" "udev:/sys/devices/LNXSYSTM:00/LNXSYBUS:00/PNP0A08:00/LNXVIDEO:00/input/input8/event6"
[ 10140.836] (II) XINPUT: Adding extended input device "Video Bus" (type: KEYBOARD, id 7)
[ 10140.837] (II) event6  - Video Bus: is tagged by udev as: Keyboard
[ 10140.837] (II) event6  - Video Bus: device is a keyboard
[ 10140.838] (II) config/udev: Adding input device Lid Switch (/dev/input/event0)
[ 10140.838] (II) No input driver specified, ignoring this device.
[ 10140.838] (II) This device may have been added with another device file.
[ 10140.838] (II) config/udev: Adding input device Sleep Button (/dev/input/event1)
[ 10140.838] (**) Sleep Button: Applying InputClass "libinput keyboard catchall"
[ 10140.838] (II) Using input driver 'libinput' for 'Sleep Button'
[ 10140.839] (II) systemd-logind: got fd for /dev/input/event1 13:65 fd 19 paused 0
[ 10140.839] (**) Sleep Button: always reports core events
[ 10140.839] (**) Option "Device" "/dev/input/event1"
[ 10140.839] (**) Option "_source" "server/udev"
[ 10140.840] (II) event1  - Sleep Button: is tagged by udev as: Keyboard
[ 10140.840] (II) event1  - Sleep Button: device is a keyboard
[ 10140.840] (II) event1  - Sleep Button: device removed
[ 10140.840] (**) Option "config_info" "udev:/sys/devices/LNXSYSTM:00/LNXSYBUS:00/PNP0C0E:00/input/input1/event1"
[ 10140.840] (II) XINPUT: Adding extended input device "Sleep Button" (type: KEYBOARD, id 8)
[ 10140.840] (II) event1  - Sleep Button: is tagged by udev as: Keyboard
[ 10140.840] (II) event1  - Sleep Button: device is a keyboard
[ 10140.841] (II) config/udev: Adding input device Integrated Camera: Integrated C (/dev/input/event9)
[ 10140.841] (**) Integrated Camera: Integrated C: Applying InputClass "libinput keyboard catchall"
[ 10140.841] (II) Using input driver 'libinput' for 'Integrated Camera: Integrated C'
[ 10140.842] (II) systemd-logind: got fd for /dev/input/event9 13:73 fd 20 paused 0
[ 10140.842] (**) Integrated Camera: Integrated C: always reports core events
[ 10140.842] (**) Option "Device" "/dev/input/event9"
[ 10140.842] (**) Option "_source" "server/udev"
[ 10140.843] (II) event9  - Integrated Camera: Integrated C: is tagged by udev as: Keyboard
[ 10140.843] (II) event9  - Integrated Camera: Integrated C: device is a keyboard
[ 10140.843] (II) event9  - Integrated Camera: Integrated C: device removed
[ 10140.843] (**) Option "config_info" "udev:/sys/devices/pci0000:00/0000:00:14.0/usb1/1-8/1-8:1.0/input/input11/event9"
[ 10140.843] (II) XINPUT: Adding extended input device "Integrated Camera: Integrated C" (type: KEYBOARD, id 9)
[ 10140.844] (II) event9  - Integrated Camera: Integrated C: is tagged by udev as: Keyboard
[ 10140.844] (II) event9  - Integrated Camera: Integrated C: device is a keyboard
[ 10140.845] (II) config/udev: Adding input device HDA Digital PCBeep (/dev/input/event14)
[ 10140.845] (II) No input driver specified, ignoring this device.
[ 10140.845] (II) This device may have been added with another device file.
[ 10140.845] (II) config/udev: Adding input device HDA Intel PCH Dock Mic (/dev/input/event15)
[ 10140.845] (II) No input driver specified, ignoring this device.
[ 10140.845] (II) This device may have been added with another device file.
[ 10140.845] (II) config/udev: Adding input device HDA Intel PCH Mic (/dev/input/event16)
[ 10140.845] (II) No input driver specified, ignoring this device.
[ 10140.845] (II) This device may have been added with another device file.
[ 10140.846] (II) config/udev: Adding input device HDA Intel PCH Dock Headphone (/dev/input/event17)
[ 10140.846] (II) No input driver specified, ignoring this device.
[ 10140.846] (II) This device may have been added with another device file.
[ 10140.846] (II) config/udev: Adding input device HDA Intel PCH Headphone (/dev/input/event18)
[ 10140.846] (II) No input driver specified, ignoring this device.
[ 10140.846] (II) This device may have been added with another device file.
[ 10140.846] (II) config/udev: Adding input device HDA Intel PCH HDMI/DP,pcm=3 (/dev/input/event19)
[ 10140.846] (II) No input driver specified, ignoring this device.
[ 10140.846] (II) This device may have been added with another device file.
[ 10140.847] (II) config/udev: Adding input device HDA Intel PCH HDMI/DP,pcm=7 (/dev/input/event20)
[ 10140.847] (II) No input driver specified, ignoring this device.
[ 10140.847] (II) This device may have been added with another device file.
[ 10140.847] (II) config/udev: Adding input device HDA Intel PCH HDMI/DP,pcm=8 (/dev/input/event21)
[ 10140.847] (II) No input driver specified, ignoring this device.
[ 10140.847] (II) This device may have been added with another device file.
[ 10140.847] (II) config/udev: Adding input device HDA Intel PCH HDMI/DP,pcm=9 (/dev/input/event22)
[ 10140.847] (II) No input driver specified, ignoring this device.
[ 10140.847] (II) This device may have been added with another device file.
[ 10140.848] (II) config/udev: Adding input device HDA Intel PCH HDMI/DP,pcm=10 (/dev/input/event23)
[ 10140.848] (II) No input driver specified, ignoring this device.
[ 10140.848] (II) This device may have been added with another device file.
[ 10140.848] (II) config/udev: Adding input device AT Translated Set 2 keyboard (/dev/input/event3)
[ 10140.848] (**) AT Translated Set 2 keyboard: Applying InputClass "libinput keyboard catchall"
[ 10140.848] (II) Using input driver 'libinput' for 'AT Translated Set 2 keyboard'
[ 10140.849] (II) systemd-logind: got fd for /dev/input/event3 13:67 fd 21 paused 0
[ 10140.849] (**) AT Translated Set 2 keyboard: always reports core events
[ 10140.849] (**) Option "Device" "/dev/input/event3"
[ 10140.849] (**) Option "_source" "server/udev"
[ 10140.850] (II) event3  - AT Translated Set 2 keyboard: is tagged by udev as: Keyboard
[ 10140.850] (II) event3  - AT Translated Set 2 keyboard: device is a keyboard
[ 10140.850] (II) event3  - AT Translated Set 2 keyboard: device removed
[ 10140.850] (**) Option "config_info" "udev:/sys/devices/platform/i8042/serio0/input/input3/event3"
[ 10140.850] (II) XINPUT: Adding extended input device "AT Translated Set 2 keyboard" (type: KEYBOARD, id 10)
[ 10140.851] (II) event3  - AT Translated Set 2 keyboard: is tagged by udev as: Keyboard
[ 10140.851] (II) event3  - AT Translated Set 2 keyboard: device is a keyboard
[ 10140.852] (II) config/udev: Adding input device SynPS/2 Synaptics TouchPad (/dev/input/event7)
[ 10140.852] (**) SynPS/2 Synaptics TouchPad: Applying InputClass "libinput touchpad catchall"
[ 10140.852] (II) Using input driver 'libinput' for 'SynPS/2 Synaptics TouchPad'
[ 10140.853] (II) systemd-logind: got fd for /dev/input/event7 13:71 fd 22 paused 0
[ 10140.853] (**) SynPS/2 Synaptics TouchPad: always reports core events
[ 10140.853] (**) Option "Device" "/dev/input/event7"
[ 10140.853] (**) Option "_source" "server/udev"
[ 10140.854] (II) event7  - SynPS/2 Synaptics TouchPad: is tagged by udev as: Touchpad
[ 10140.855] (II) event7  - SynPS/2 Synaptics TouchPad: device is a touchpad
[ 10140.855] (II) event7  - SynPS/2 Synaptics TouchPad: device removed
[ 10140.855] (**) Option "config_info" "udev:/sys/devices/platform/i8042/serio1/input/input7/event7"
[ 10140.855] (II) XINPUT: Adding extended input device "SynPS/2 Synaptics TouchPad" (type: TOUCHPAD, id 11)
[ 10140.856] (**) Option "AccelerationScheme" "none"
[ 10140.856] (**) SynPS/2 Synaptics TouchPad: (accel) selected scheme none/0
[ 10140.856] (**) SynPS/2 Synaptics TouchPad: (accel) acceleration factor: 2.000
[ 10140.856] (**) SynPS/2 Synaptics TouchPad: (accel) acceleration threshold: 4
[ 10140.857] (II) event7  - SynPS/2 Synaptics TouchPad: is tagged by udev as: Touchpad
[ 10140.858] (II) event7  - SynPS/2 Synaptics TouchPad: device is a touchpad
[ 10140.859] (II) config/udev: Adding input device SynPS/2 Synaptics TouchPad (/dev/input/mouse0)
[ 10140.859] (II) No input driver specified, ignoring this device.
[ 10140.859] (II) This device may have been added with another device file.
[ 10140.859] (II) config/udev: Adding input device TPPS/2 IBM TrackPoint (/dev/input/event13)
[ 10140.859] (**) TPPS/2 IBM TrackPoint: Applying InputClass "libinput pointer catchall"
[ 10140.859] (II) Using input driver 'libinput' for 'TPPS/2 IBM TrackPoint'
[ 10140.860] (II) systemd-logind: got fd for /dev/input/event13 13:77 fd 23 paused 0
[ 10140.860] (**) TPPS/2 IBM TrackPoint: always reports core events
[ 10140.860] (**) Option "Device" "/dev/input/event13"
[ 10140.860] (**) Option "_source" "server/udev"
[ 10140.860] (II) event13 - TPPS/2 IBM TrackPoint: is tagged by udev as: Mouse Pointingstick
[ 10140.861] (II) event13 - TPPS/2 IBM TrackPoint: device is a pointer
[ 10140.861] (II) event13 - TPPS/2 IBM TrackPoint: device removed
[ 10140.861] (**) Option "config_info" "udev:/sys/devices/platform/i8042/serio1/serio2/input/input9/event13"
[ 10140.861] (II) XINPUT: Adding extended input device "TPPS/2 IBM TrackPoint" (type: MOUSE, id 12)
[ 10140.861] (**) Option "AccelerationScheme" "none"
[ 10140.861] (**) TPPS/2 IBM TrackPoint: (accel) selected scheme none/0
[ 10140.861] (**) TPPS/2 IBM TrackPoint: (accel) acceleration factor: 2.000
[ 10140.861] (**) TPPS/2 IBM TrackPoint: (accel) acceleration threshold: 4
[ 10140.862] (II) event13 - TPPS/2 IBM TrackPoint: is tagged by udev as: Mouse Pointingstick
[ 10140.862] (II) event13 - TPPS/2 IBM TrackPoint: device is a pointer
[ 10140.863] (II) config/udev: Adding input device TPPS/2 IBM TrackPoint (/dev/input/mouse2)
[ 10140.863] (II) No input driver specified, ignoring this device.
[ 10140.863] (II) This device may have been added with another device file.
[ 10140.863] (II) config/udev: Adding input device PC Speaker (/dev/input/event4)
[ 10140.863] (II) No input driver specified, ignoring this device.
[ 10140.863] (II) This device may have been added with another device file.
[ 10140.864] (II) config/udev: Adding input device ThinkPad Extra Buttons (/dev/input/event5)
[ 10140.864] (**) ThinkPad Extra Buttons: Applying InputClass "libinput keyboard catchall"
[ 10140.864] (II) Using input driver 'libinput' for 'ThinkPad Extra Buttons'
[ 10140.864] (II) systemd-logind: got fd for /dev/input/event5 13:69 fd 24 paused 0
[ 10140.864] (**) ThinkPad Extra Buttons: always reports core events
[ 10140.864] (**) Option "Device" "/dev/input/event5"
[ 10140.864] (**) Option "_source" "server/udev"
[ 10140.865] (II) event5  - ThinkPad Extra Buttons: is tagged by udev as: Keyboard Switch
[ 10140.865] (II) event5  - ThinkPad Extra Buttons: device is a keyboard
[ 10140.865] (II) event5  - ThinkPad Extra Buttons: device removed
[ 10140.865] (**) Option "config_info" "udev:/sys/devices/platform/thinkpad_acpi/input/input6/event5"
[ 10140.865] (II) XINPUT: Adding extended input device "ThinkPad Extra Buttons" (type: KEYBOARD, id 13)
[ 10140.866] (II) event5  - ThinkPad Extra Buttons: is tagged by udev as: Keyboard Switch
[ 10140.866] (II) event5  - ThinkPad Extra Buttons: device is a keyboard
[ 10140.897] (II) intel(0): EDID vendor "LGD", prod id 1178
[ 10140.897] (II) intel(0): Printing DDC gathered Modelines:
[ 10140.897] (II) intel(0): Modeline "2560x1440"x0.0  237.80  2560 2608 2640 2720  1440 1442 1445 1457 +hsync -vsync (87.4 kHz eP)
